app/build/intermediates/manifest_merge_blame_file/debug/manifest-merger-blame-debug-report.txt
1<?xml version="1.0" encoding="utf-8"?>
2<manifest xmlns:android="http://schemas.android.com/apk/res/android"
3    package="com.example.project6_2"
4    android:versionCode="1"
5    android:versionName="1.0" >
6
7    <uses-sdk
8        android:minSdkVersion="16"
8-->src\main\AndroidManifest.xml
9        android:targetSdkVersion="30" />
9-->src\main\AndroidManifest.xml
10
11    <uses-permission android:name="android.permission.INTERNET" />
11-->src\main\AndroidManifest.xml:4:5-66
11-->src\main\AndroidManifest.xml:4:22-64
12
13    <application
13-->src\main\AndroidManifest.xml:6:5-22:19
14        android:allowBackup="true"
14-->src\main\AndroidManifest.xml:7:9-35
15        android:appComponentFactory="androidx.core.app.CoreComponentFactory"
15-->[androidx.core:core:1.1.0] AndroidManifest.xml:24:18-86
16        android:debuggable="true"
17        android:icon="@drawable/emo_im_cool"
17-->src\main\AndroidManifest.xml:8:9-45
18        android:label="쿡북 웹브라우저"
18-->src\main\AndroidManifest.xml:9:9-33
19        android:logo="@drawable/web"
19-->src\main\AndroidManifest.xml:10:9-37
20        android:testOnly="true"
21        android:theme="@style/Theme.Project6_2"
21-->src\main\AndroidManifest.xml:11:9-48
22        android:usesCleartextTraffic="true" >
22-->src\main\AndroidManifest.xml:12:9-44
23        <activity
23-->src\main\AndroidManifest.xml:13:9-21:20
24            android:name="com.example.project6_2.MainActivity"
24-->src\main\AndroidManifest.xml:14:13-41
25            android:label="간단 웹브라우저" >
25-->src\main\AndroidManifest.xml:15:13-37
26            <intent-filter>
26-->src\main\AndroidManifest.xml:16:13-20:29
27                <action android:name="android.intent.action.MAIN" />
27-->src\main\AndroidManifest.xml:17:17-69
27-->src\main\AndroidManifest.xml:17:25-66
28
29                <category android:name="android.intent.category.LAUNCHER" />
29-->src\main\AndroidManifest.xml:19:17-77
29-->src\main\AndroidManifest.xml:19:27-74
30            </intent-filter>
31        </activity>
32    </application>
33
34</manifest>